android/app/b/intermediates/manifest_merge_blame_file/debug/processDebugMainManifest/manifest-merger-blame-debug-report.txt
1<?xml version="1.0" encoding="utf-8"?>
2<manifest xmlns:android="http://schemas.android.com/apk/res/android"
3    package="com.oussamaaaaa.finex"
4    android:versionCode="11"
5    android:versionName="2.7.0" >
6
7    <uses-sdk
8        android:minSdkVersion="24"
9        android:targetSdkVersion="36" />
10
11    <uses-permission android:name="android.permission.SYSTEM_ALERT_WINDOW" />
11-->src\main\AndroidManifest.xml:4:3-75
11-->src\main\AndroidManifest.xml:4:20-73
12    <uses-permission android:name="android.permission.INTERNET" />
12-->src\main\AndroidManifest.xml:2:3-64
12-->src\main\AndroidManifest.xml:2:20-62
13    <uses-permission android:name="android.permission.READ_EXTERNAL_STORAGE" />
13-->src\main\AndroidManifest.xml:3:3-77
13-->src\main\AndroidManifest.xml:3:20-75
14    <uses-permission android:name="android.permission.USE_BIOMETRIC" />
14-->src\main\AndroidManifest.xml:5:3-69
14-->src\main\AndroidManifest.xml:5:20-67
15    <uses-permission android:name="android.permission.USE_FINGERPRINT" />
15-->src\main\AndroidManifest.xml:6:3-71
15-->src\main\AndroidManifest.xml:6:20-69
16    <uses-permission android:name="android.permission.VIBRATE" />
16-->src\main\AndroidManifest.xml:7:3-63
16-->src\main\AndroidManifest.xml:7:20-61
17    <uses-permission android:name="android.permission.WRITE_EXTERNAL_STORAGE" />
17-->src\main\AndroidManifest.xml:8:3-78
17-->src\main\AndroidManifest.xml:8:20-76
18
19    <queries>
19-->src\main\AndroidManifest.xml:9:3-15:13
20        <intent>
20-->src\main\AndroidManifest.xml:10:5-14:14
21            <action android:name="android.intent.action.VIEW" />
21-->src\main\AndroidManifest.xml:11:7-58
21-->src\main\AndroidManifest.xml:11:15-56
22
23            <category android:name="android.intent.category.BROWSABLE" />
23-->src\main\AndroidManifest.xml:12:7-67
23-->src\main\AndroidManifest.xml:12:17-65
24
25            <data android:scheme="https" />
25-->src\main\AndroidManifest.xml:13:7-37
25-->src\main\AndroidManifest.xml:13:13-35
26        </intent>
27
28        <package android:name="host.exp.exponent" />
28-->[:expo-dev-launcher] AndroidManifest.xml:8:9-53
28-->[:expo-dev-launcher] AndroidManifest.xml:8:18-50
29
30        <intent>
30-->[host.exp.exponent:expo.modules.webbrowser:15.0.10] AndroidManifest.xml:8:9-12:18
31
32            <!-- Required for opening tabs if targeting API 30 -->
33            <action android:name="android.support.customtabs.action.CustomTabsService" />
33-->[host.exp.exponent:expo.modules.webbrowser:15.0.10] AndroidManifest.xml:11:13-90
33-->[host.exp.exponent:expo.modules.webbrowser:15.0.10] AndroidManifest.xml:11:21-87
34        </intent> <!-- End of CustomTabsService -->
35        <!-- For MRAID capabilities -->
36        <intent>
36-->[com.google.android.gms:play-services-ads-api:24.6.0] AndroidManifest.xml:52:9-56:18
37            <action android:name="android.intent.action.INSERT" />
37-->[com.google.android.gms:play-services-ads-api:24.6.0] AndroidManifest.xml:53:13-67
37-->[com.google.android.gms:play-services-ads-api:24.6.0] AndroidManifest.xml:53:21-64
38
39            <data android:mimeType="vnd.android.cursor.dir/event" />
39-->src\main\AndroidManifest.xml:13:7-37
40        </intent>
41        <intent>
41-->[com.google.android.gms:play-services-ads-api:24.6.0] AndroidManifest.xml:57:9-61:18
42            <action android:name="android.intent.action.VIEW" />
42-->src\main\AndroidManifest.xml:11:7-58
42-->src\main\AndroidManifest.xml:11:15-56
43
44            <data android:scheme="sms" />
44-->src\main\AndroidManifest.xml:13:7-37
44-->src\main\AndroidManifest.xml:13:13-35
45        </intent>
46        <intent>
46-->[com.google.android.gms:play-services-ads-api:24.6.0] AndroidManifest.xml:62:9-66:18
47            <action android:name="android.intent.action.DIAL" />
47-->[com.google.android.gms:play-services-ads-api:24.6.0] AndroidManifest.xml:63:13-65
47-->[com.google.android.gms:play-services-ads-api:24.6.0] AndroidManifest.xml:63:21-62
48
49            <data android:path="tel:" />
49-->src\main\AndroidManifest.xml:13:7-37
50        </intent> <!-- Query open documents -->
51        <intent>
51-->[host.exp.exponent:expo.modules.filesystem:19.0.21] AndroidManifest.xml:15:9-17:18
52            <action android:name="android.intent.action.OPEN_DOCUMENT_TREE" />
52-->[host.exp.exponent:expo.modules.filesystem:19.0.21] AndroidManifest.xml:16:13-79
52-->[host.exp.exponent:expo.modules.filesystem:19.0.21] AndroidManifest.xml:16:21-76
53        </intent>
54        <intent>
54-->[host.exp.exponent:expo.modules.sharing:14.0.8] AndroidManifest.xml:8:9-14:18
55
56            <!-- Required for file sharing if targeting API 30 -->
57            <action android:name="android.intent.action.SEND" />
57-->[host.exp.exponent:expo.modules.sharing:14.0.8] AndroidManifest.xml:11:13-65
57-->[host.exp.exponent:expo.modules.sharing:14.0.8] AndroidManifest.xml:11:21-62
58
59            <data android:mimeType="*/*" />
59-->src\main\AndroidManifest.xml:13:7-37
60        </intent>
61    </queries>
62
63    <uses-permission android:name="android.permission.WAKE_LOCK" />
63-->[:react-native-google-mobile-ads] AndroidManifest.xml:8:5-68
63-->[:react-native-google-mobile-ads] AndroidManifest.xml:8:22-65
64    <uses-permission android:name="android.permission.ACCESS_NETWORK_STATE" />
64-->[:react-native-google-mobile-ads] AndroidManifest.xml:9:5-79
64-->[:react-native-google-mobile-ads] AndroidManifest.xml:9:22-76
65    <uses-permission android:name="android.permission.RECEIVE_BOOT_COMPLETED" />
65-->[host.exp.exponent:expo.modules.notifications:0.32.15] AndroidManifest.xml:7:5-81
65-->[host.exp.exponent:expo.modules.notifications:0.32.15] AndroidManifest.xml:7:22-78
66    <uses-permission android:name="android.permission.POST_NOTIFICATIONS" /> <!-- Required by older versions of Google Play services to create IID tokens -->
66-->[host.exp.exponent:expo.modules.notifications:0.32.15] AndroidManifest.xml:8:5-77
66-->[host.exp.exponent:expo.modules.notifications:0.32.15] AndroidManifest.xml:8:22-74
67    <uses-permission android:name="com.google.android.c2dm.permission.RECEIVE" />
67-->[com.google.firebase:firebase-messaging:24.0.1] AndroidManifest.xml:26:5-82
67-->[com.google.firebase:firebase-messaging:24.0.1] AndroidManifest.xml:26:22-79
68    <uses-permission android:name="com.google.android.gms.permission.AD_ID" />
68-->[com.google.android.gms:play-services-ads-api:24.6.0] AndroidManifest.xml:26:5-79
68-->[com.google.android.gms:play-services-ads-api:24.6.0] AndroidManifest.xml:26:22-76
69    <uses-permission android:name="android.permission.ACCESS_ADSERVICES_AD_ID" />
69-->[com.google.android.gms:play-services-ads-api:24.6.0] AndroidManifest.xml:27:5-82
69-->[com.google.android.gms:play-services-ads-api:24.6.0] AndroidManifest.xml:27:22-79
70    <uses-permission android:name="android.permission.ACCESS_ADSERVICES_ATTRIBUTION" />
70-->[com.google.android.gms:play-services-ads-api:24.6.0] AndroidManifest.xml:28:5-88
70-->[com.google.android.gms:play-services-ads-api:24.6.0] AndroidManifest.xml:28:22-85
71    <uses-permission android:name="android.permission.ACCESS_ADSERVICES_TOPICS" />
71-->[com.google.android.gms:play-services-ads-api:24.6.0] AndroidManifest.xml:29:5-83
71-->[com.google.android.gms:play-services-ads-api:24.6.0] AndroidManifest.xml:29:22-80
72    <uses-permission android:name="android.permission.FOREGROUND_SERVICE" />
72-->[androidx.work:work-runtime:2.7.0] AndroidManifest.xml:28:5-77
72-->[androidx.work:work-runtime:2.7.0] AndroidManifest.xml:28:22-74
73
74    <permission
74-->[androidx.core:core:1.16.0] AndroidManifest.xml:22:5-24:47
75        android:name="com.oussamaaaaa.finex.DYNAMIC_RECEIVER_NOT_EXPORTED_PERMISSION"
75-->[androidx.core:core:1.16.0] AndroidManifest.xml:23:9-81
76        android:protectionLevel="signature" />
76-->[androidx.core:core:1.16.0] AndroidManifest.xml:24:9-44
77
78    <uses-permission android:name="com.oussamaaaaa.finex.DYNAMIC_RECEIVER_NOT_EXPORTED_PERMISSION" />
78-->[androidx.core:core:1.16.0] AndroidManifest.xml:26:5-97
78-->[androidx.core:core:1.16.0] AndroidManifest.xml:26:22-94
79    <uses-permission android:name="com.google.android.finsky.permission.BIND_GET_INSTALL_REFERRER_SERVICE" /> <!-- for android -->
79-->[com.android.installreferrer:installreferrer:2.2] AndroidManifest.xml:9:5-110
79-->[com.android.installreferrer:installreferrer:2.2] AndroidManifest.xml:9:22-107
80    <!-- <uses-permission android:name="com.android.launcher.permission.READ_SETTINGS"/> -->
81    <!-- <uses-permission android:name="com.android.launcher.permission.WRITE_SETTINGS"/> -->
82    <!-- <uses-permission android:name="com.android.launcher.permission.INSTALL_SHORTCUT" /> -->
83    <!-- <uses-permission android:name="com.android.launcher.permission.UNINSTALL_SHORTCUT" /> -->
84    <!-- for Samsung -->
85    <uses-permission android:name="com.sec.android.provider.badge.permission.READ" />
85-->[me.leolin:ShortcutBadger:1.1.22] AndroidManifest.xml:19:5-86
85-->[me.leolin:ShortcutBadger:1.1.22] AndroidManifest.xml:19:22-83
86    <uses-permission android:name="com.sec.android.provider.badge.permission.WRITE" /> <!-- for htc -->
86-->[me.leolin:ShortcutBadger:1.1.22] AndroidManifest.xml:20:5-87
86-->[me.leolin:ShortcutBadger:1.1.22] AndroidManifest.xml:20:22-84
87    <uses-permission android:name="com.htc.launcher.permission.READ_SETTINGS" />
87-->[me.leolin:ShortcutBadger:1.1.22] AndroidManifest.xml:23:5-81
87-->[me.leolin:ShortcutBadger:1.1.22] AndroidManifest.xml:23:22-78
88    <uses-permission android:name="com.htc.launcher.permission.UPDATE_SHORTCUT" /> <!-- for sony -->
88-->[me.leolin:ShortcutBadger:1.1.22] AndroidManifest.xml:24:5-83
88-->[me.leolin:ShortcutBadger:1.1.22] AndroidManifest.xml:24:22-80
89    <uses-permission android:name="com.sonyericsson.home.permission.BROADCAST_BADGE" />
89-->[me.leolin:ShortcutBadger:1.1.22] AndroidManifest.xml:27:5-88
89-->[me.leolin:ShortcutBadger:1.1.22] AndroidManifest.xml:27:22-85
90    <uses-permission android:name="com.sonymobile.home.permission.PROVIDER_INSERT_BADGE" /> <!-- for apex -->
90-->[me.leolin:ShortcutBadger:1.1.22] AndroidManifest.xml:28:5-92
90-->[me.leolin:ShortcutBadger:1.1.22] AndroidManifest.xml:28:22-89
91    <uses-permission android:name="com.anddoes.launcher.permission.UPDATE_COUNT" /> <!-- for solid -->
91-->[me.leolin:ShortcutBadger:1.1.22] AndroidManifest.xml:31:5-84
91-->[me.leolin:ShortcutBadger:1.1.22] AndroidManifest.xml:31:22-81
92    <uses-permission android:name="com.majeur.launcher.permission.UPDATE_BADGE" /> <!-- for huawei -->
92-->[me.leolin:ShortcutBadger:1.1.22] AndroidManifest.xml:34:5-83
92-->[me.leolin:ShortcutBadger:1.1.22] AndroidManifest.xml:34:22-80
93    <uses-permission android:name="com.huawei.android.launcher.permission.CHANGE_BADGE" />
93-->[me.leolin:ShortcutBadger:1.1.22] AndroidManifest.xml:37:5-91
93-->[me.leolin:ShortcutBadger:1.1.22] AndroidManifest.xml:37:22-88
94    <uses-permission android:name="com.huawei.android.launcher.permission.READ_SETTINGS" />
94-->[me.leolin:ShortcutBadger:1.1.22] AndroidManifest.xml:38:5-92
94-->[me.leolin:ShortcutBadger:1.1.22] AndroidManifest.xml:38:22-89
95    <uses-permission android:name="com.huawei.android.launcher.permission.WRITE_SETTINGS" /> <!-- for ZUK -->
95-->[me.leolin:ShortcutBadger:1.1.22] AndroidManifest.xml:39:5-93
95-->[me.leolin:ShortcutBadger:1.1.22] AndroidManifest.xml:39:22-90
96    <uses-permission android:name="android.permission.READ_APP_BADGE" /> <!-- for OPPO -->
96-->[me.leolin:ShortcutBadger:1.1.22] AndroidManifest.xml:42:5-73
96-->[me.leolin:ShortcutBadger:1.1.22] AndroidManifest.xml:42:22-70
97    <uses-permission android:name="com.oppo.launcher.permission.READ_SETTINGS" />
97-->[me.leolin:ShortcutBadger:1.1.22] AndroidManifest.xml:45:5-82
97-->[me.leolin:ShortcutBadger:1.1.22] AndroidManifest.xml:45:22-79
98    <uses-permission android:name="com.oppo.launcher.permission.WRITE_SETTINGS" /> <!-- for EvMe -->
98-->[me.leolin:ShortcutBadger:1.1.22] AndroidManifest.xml:46:5-83
98-->[me.leolin:ShortcutBadger:1.1.22] AndroidManifest.xml:46:22-80
99    <uses-permission android:name="me.everything.badger.permission.BADGE_COUNT_READ" />
99-->[me.leolin:ShortcutBadger:1.1.22] AndroidManifest.xml:49:5-88
99-->[me.leolin:ShortcutBadger:1.1.22] AndroidManifest.xml:49:22-85
100    <uses-permission android:name="me.everything.badger.permission.BADGE_COUNT_WRITE" />
100-->[me.leolin:ShortcutBadger:1.1.22] AndroidManifest.xml:50:5-89
100-->[me.leolin:ShortcutBadger:1.1.22] AndroidManifest.xml:50:22-86
101
102    <application
102-->src\main\AndroidManifest.xml:16:3-40:17
103        android:name="com.oussamaaaaa.finex.MainApplication"
103-->src\main\AndroidManifest.xml:16:16-47
104        android:allowBackup="true"
104-->src\main\AndroidManifest.xml:16:162-188
105        android:appComponentFactory="androidx.core.app.CoreComponentFactory"
105-->[androidx.core:core:1.16.0] AndroidManifest.xml:28:18-86
106        android:debuggable="true"
107        android:enableOnBackInvokedCallback="false"
107-->src\main\AndroidManifest.xml:16:248-291
108        android:extractNativeLibs="false"
109        android:icon="@mipmap/ic_launcher"
109-->src\main\AndroidManifest.xml:16:81-115
110        android:label="@string/app_name"
110-->src\main\AndroidManifest.xml:16:48-80
111        android:roundIcon="@mipmap/ic_launcher_round"
111-->src\main\AndroidManifest.xml:16:116-161
112        android:supportsRtl="true"
112-->src\main\AndroidManifest.xml:16:221-247
113        android:theme="@style/AppTheme"
113-->src\main\AndroidManifest.xml:16:189-220
114        android:usesCleartextTraffic="true" >
114-->src\debug\AndroidManifest.xml:6:18-53
115        <meta-data
115-->src\main\AndroidManifest.xml:17:5-159
116            android:name="com.google.android.gms.ads.APPLICATION_ID"
116-->src\main\AndroidManifest.xml:17:16-72
117            android:value="ca-app-pub-2444078085373273~4676550447" />
117-->src\main\AndroidManifest.xml:17:73-127
118        <meta-data
118-->src\main\AndroidManifest.xml:18:5-135
119            android:name="com.google.android.gms.ads.flag.OPTIMIZE_AD_LOADING"
119-->src\main\AndroidManifest.xml:18:16-82
120            android:value="true" />
120-->src\main\AndroidManifest.xml:18:83-103
121        <meta-data
121-->src\main\AndroidManifest.xml:19:5-139
122            android:name="com.google.android.gms.ads.flag.OPTIMIZE_INITIALIZATION"
122-->src\main\AndroidManifest.xml:19:16-86
123            android:value="true" />
123-->src\main\AndroidManifest.xml:19:87-107
124        <meta-data
124-->src\main\AndroidManifest.xml:20:5-118
125            android:name="com.google.firebase.messaging.default_notification_channel_id"
125-->src\main\AndroidManifest.xml:20:16-92
126            android:value="default" />
126-->src\main\AndroidManifest.xml:20:93-116
127        <meta-data
127-->src\main\AndroidManifest.xml:21:5-139
128            android:name="com.google.firebase.messaging.default_notification_color"
128-->src\main\AndroidManifest.xml:21:16-87
129            android:resource="@color/notification_icon_color" />
129-->src\main\AndroidManifest.xml:21:88-137
130        <meta-data
130-->src\main\AndroidManifest.xml:22:5-135
131            android:name="com.google.firebase.messaging.default_notification_icon"
131-->src\main\AndroidManifest.xml:22:16-86
132            android:resource="@drawable/notification_icon" />
132-->src\main\AndroidManifest.xml:22:87-133
133        <meta-data
133-->src\main\AndroidManifest.xml:23:5-136
134            android:name="expo.modules.notifications.default_notification_color"
134-->src\main\AndroidManifest.xml:23:16-84
135            android:resource="@color/notification_icon_color" />
135-->src\main\AndroidManifest.xml:23:85-134
136        <meta-data
136-->src\main\AndroidManifest.xml:24:5-132
137            android:name="expo.modules.notifications.default_notification_icon"
137-->src\main\AndroidManifest.xml:24:16-83
138            android:resource="@drawable/notification_icon" />
138-->src\main\AndroidManifest.xml:24:84-130
139        <meta-data
139-->src\main\AndroidManifest.xml:25:5-83
140            android:name="expo.modules.updates.ENABLED"
140-->src\main\AndroidManifest.xml:25:16-59
141            android:value="false" />
141-->src\main\AndroidManifest.xml:25:60-81
142        <meta-data
142-->src\main\AndroidManifest.xml:26:5-105
143            android:name="expo.modules.updates.EXPO_UPDATES_CHECK_ON_LAUNCH"
143-->src\main\AndroidManifest.xml:26:16-80
144            android:value="ALWAYS" />
144-->src\main\AndroidManifest.xml:26:81-103
145        <meta-data
145-->src\main\AndroidManifest.xml:27:5-99
146            android:name="expo.modules.updates.EXPO_UPDATES_LAUNCH_WAIT_MS"
146-->src\main\AndroidManifest.xml:27:16-79
147            android:value="0" />
147-->src\main\AndroidManifest.xml:27:80-97
148
149        <activity
149-->src\main\AndroidManifest.xml:28:5-39:16
150            android:name="com.oussamaaaaa.finex.MainActivity"
150-->src\main\AndroidManifest.xml:28:15-43
151            android:configChanges="keyboard|keyboardHidden|orientation|screenSize|screenLayout|uiMode"
151-->src\main\AndroidManifest.xml:28:44-134
152            android:exported="true"
152-->src\main\AndroidManifest.xml:28:256-279
153            android:launchMode="singleTask"
153-->src\main\AndroidManifest.xml:28:135-166
154            android:screenOrientation="portrait"
154-->src\main\AndroidManifest.xml:28:280-316
155            android:theme="@style/Theme.App.SplashScreen"
155-->src\main\AndroidManifest.xml:28:210-255
156            android:windowSoftInputMode="adjustResize" >
156-->src\main\AndroidManifest.xml:28:167-209
157            <intent-filter>
157-->src\main\AndroidManifest.xml:29:7-32:23
158                <action android:name="android.intent.action.MAIN" />
158-->src\main\AndroidManifest.xml:30:9-60
158-->src\main\AndroidManifest.xml:30:17-58
159
160                <category android:name="android.intent.category.LAUNCHER" />
160-->src\main\AndroidManifest.xml:31:9-68
160-->src\main\AndroidManifest.xml:31:19-66
161            </intent-filter>
162            <intent-filter>
162-->src\main\AndroidManifest.xml:33:7-38:23
163                <action android:name="android.intent.action.VIEW" />
163-->src\main\AndroidManifest.xml:11:7-58
163-->src\main\AndroidManifest.xml:11:15-56
164
165                <category android:name="android.intent.category.DEFAULT" />
165-->src\main\AndroidManifest.xml:35:9-67
165-->src\main\AndroidManifest.xml:35:19-65
166                <category android:name="android.intent.category.BROWSABLE" />
166-->src\main\AndroidManifest.xml:12:7-67
166-->src\main\AndroidManifest.xml:12:17-65
167
168                <data android:scheme="exp+finex" />
168-->src\main\AndroidManifest.xml:13:7-37
168-->src\main\AndroidManifest.xml:13:13-35
169            </intent-filter>
170        </activity>
171
172        <meta-data
172-->[:react-native-google-mobile-ads] AndroidManifest.xml:15:9-17:37
173            android:name="com.google.android.gms.ads.DELAY_APP_MEASUREMENT_INIT"
173-->[:react-native-google-mobile-ads] AndroidManifest.xml:16:13-81
174            android:value="false" />
174-->[:react-native-google-mobile-ads] AndroidManifest.xml:17:13-34
175
176        <activity
176-->[:expo-dev-launcher] AndroidManifest.xml:12:9-16:75
177            android:name="expo.modules.devlauncher.launcher.DevLauncherActivity"
177-->[:expo-dev-launcher] AndroidManifest.xml:13:13-81
178            android:exported="true"
178-->[:expo-dev-launcher] AndroidManifest.xml:14:13-36
179            android:launchMode="singleTask"
179-->[:expo-dev-launcher] AndroidManifest.xml:15:13-44
180            android:theme="@style/Theme.AppCompat.DayNight.NoActionBar" />
180-->[:expo-dev-launcher] AndroidManifest.xml:16:13-72
181        <activity
181-->[:expo-dev-launcher] AndroidManifest.xml:17:9-30:20
182            android:name="expo.modules.devlauncher.compose.AuthActivity"
182-->[:expo-dev-launcher] AndroidManifest.xml:18:13-73
183            android:exported="true"
183-->[:expo-dev-launcher] AndroidManifest.xml:19:13-36
184            android:launchMode="singleTask"
184-->[:expo-dev-launcher] AndroidManifest.xml:20:13-44
185            android:theme="@style/Theme.AppCompat.DayNight.NoActionBar" >
185-->[:expo-dev-launcher] AndroidManifest.xml:21:13-72
186            <intent-filter>
186-->[:expo-dev-launcher] AndroidManifest.xml:22:13-29:29
187                <action android:name="android.intent.action.VIEW" />
187-->src\main\AndroidManifest.xml:11:7-58
187-->src\main\AndroidManifest.xml:11:15-56
188
189                <category android:name="android.intent.category.DEFAULT" />
189-->src\main\AndroidManifest.xml:35:9-67
189-->src\main\AndroidManifest.xml:35:19-65
190                <category android:name="android.intent.category.BROWSABLE" />
190-->src\main\AndroidManifest.xml:12:7-67
190-->src\main\AndroidManifest.xml:12:17-65
191
192                <data android:scheme="expo-dev-launcher" />
192-->src\main\AndroidManifest.xml:13:7-37
192-->src\main\AndroidManifest.xml:13:13-35
193            </intent-filter>
194        </activity>
195        <activity
195-->[:expo-dev-launcher] AndroidManifest.xml:31:9-34:70
196            android:name="expo.modules.devlauncher.launcher.errors.DevLauncherErrorActivity"
196-->[:expo-dev-launcher] AndroidManifest.xml:32:13-93
197            android:screenOrientation="portrait"
197-->[:expo-dev-launcher] AndroidManifest.xml:33:13-49
198            android:theme="@style/Theme.DevLauncher.ErrorActivity" />
198-->[:expo-dev-launcher] AndroidManifest.xml:34:13-67
199
200        <meta-data
200-->[:expo-dev-launcher] AndroidManifest.xml:36:9-38:42
201            android:name="com.google.mlkit.vision.DEPENDENCIES"
201-->[:expo-dev-launcher] AndroidManifest.xml:37:13-64
202            android:value="barcode_ui" />
202-->[:expo-dev-launcher] AndroidManifest.xml:38:13-39
203        <meta-data
203-->[:expo-modules-core] AndroidManifest.xml:9:9-11:89
204            android:name="org.unimodules.core.AppLoader#react-native-headless"
204-->[:expo-modules-core] AndroidManifest.xml:10:13-79
205            android:value="expo.modules.adapters.react.apploader.RNHeadlessAppLoader" />
205-->[:expo-modules-core] AndroidManifest.xml:11:13-86
206        <meta-data
206-->[:expo-modules-core] AndroidManifest.xml:12:9-15:45
207            android:name="com.facebook.soloader.enabled"
207-->[:expo-modules-core] AndroidManifest.xml:13:13-57
208            android:value="true" />
208-->[:expo-modules-core] AndroidManifest.xml:14:13-33
209
210        <activity
210-->[com.facebook.react:react-android:0.81.5] AndroidManifest.xml:19:9-21:40
211            android:name="com.facebook.react.devsupport.DevSettingsActivity"
211-->[com.facebook.react:react-android:0.81.5] AndroidManifest.xml:20:13-77
212            android:exported="false" />
212-->[com.facebook.react:react-android:0.81.5] AndroidManifest.xml:21:13-37
213        <!--
214        This activity is an invisible delegate activity to start scanner activity
215        and receive result, so it's unnecessary to support screen orientation and
216        we can avoid any side effect from activity recreation in any case.
217        -->
218        <activity
218-->[com.google.android.gms:play-services-code-scanner:16.1.0] AndroidManifest.xml:15:9-20:20
219            android:name="com.google.mlkit.vision.codescanner.internal.GmsBarcodeScanningDelegateActivity"
219-->[com.google.android.gms:play-services-code-scanner:16.1.0] AndroidManifest.xml:16:13-107
220            android:exported="false"
220-->[com.google.android.gms:play-services-code-scanner:16.1.0] AndroidManifest.xml:17:13-37
221            android:screenOrientation="portrait" >
221-->[com.google.android.gms:play-services-code-scanner:16.1.0] AndroidManifest.xml:18:13-49
222        </activity>
223
224        <service
224-->[com.google.android.gms:play-services-mlkit-barcode-scanning:18.3.1] AndroidManifest.xml:9:9-15:19
225            android:name="com.google.mlkit.common.internal.MlKitComponentDiscoveryService"
225-->[com.google.android.gms:play-services-mlkit-barcode-scanning:18.3.1] AndroidManifest.xml:10:13-91
226            android:directBootAware="true"
226-->[com.google.mlkit:common:18.11.0] AndroidManifest.xml:17:13-43
227            android:exported="false" >
227-->[com.google.android.gms:play-services-mlkit-barcode-scanning:18.3.1] AndroidManifest.xml:11:13-37
228            <meta-data
228-->[com.google.android.gms:play-services-mlkit-barcode-scanning:18.3.1] AndroidManifest.xml:12:13-14:85
229                android:name="com.google.firebase.components:com.google.mlkit.vision.barcode.internal.BarcodeRegistrar"
229-->[com.google.android.gms:play-services-mlkit-barcode-scanning:18.3.1] AndroidManifest.xml:13:17-120
230                android:value="com.google.firebase.components.ComponentRegistrar" />
230-->[com.google.android.gms:play-services-mlkit-barcode-scanning:18.3.1] AndroidManifest.xml:14:17-82
231            <meta-data
231-->[com.google.mlkit:vision-common:17.3.0] AndroidManifest.xml:12:13-14:85
232                android:name="com.google.firebase.components:com.google.mlkit.vision.common.internal.VisionCommonRegistrar"
232-->[com.google.mlkit:vision-common:17.3.0] AndroidManifest.xml:13:17-124
233                android:value="com.google.firebase.components.ComponentRegistrar" />
233-->[com.google.mlkit:vision-common:17.3.0] AndroidManifest.xml:14:17-82
234            <meta-data
234-->[com.google.mlkit:common:18.11.0] AndroidManifest.xml:20:13-22:85
235                android:name="com.google.firebase.components:com.google.mlkit.common.internal.CommonComponentRegistrar"
235-->[com.google.mlkit:common:18.11.0] AndroidManifest.xml:21:17-120
236                android:value="com.google.firebase.components.ComponentRegistrar" />
236-->[com.google.mlkit:common:18.11.0] AndroidManifest.xml:22:17-82
237        </service>
238
239        <provider
239-->[com.google.mlkit:common:18.11.0] AndroidManifest.xml:9:9-13:38
240            android:name="com.google.mlkit.common.internal.MlKitInitProvider"
240-->[com.google.mlkit:common:18.11.0] AndroidManifest.xml:10:13-78
241            android:authorities="com.oussamaaaaa.finex.mlkitinitprovider"
241-->[com.google.mlkit:common:18.11.0] AndroidManifest.xml:11:13-69
242            android:exported="false"
242-->[com.google.mlkit:common:18.11.0] AndroidManifest.xml:12:13-37
243            android:initOrder="99" />
243-->[com.google.mlkit:common:18.11.0] AndroidManifest.xml:13:13-35
244
245        <activity
245-->[com.google.android.gms:play-services-auth:21.4.0] AndroidManifest.xml:23:9-27:75
246            android:name="com.google.android.gms.auth.api.signin.internal.SignInHubActivity"
246-->[com.google.android.gms:play-services-auth:21.4.0] AndroidManifest.xml:24:13-93
247            android:excludeFromRecents="true"
247-->[com.google.android.gms:play-services-auth:21.4.0] AndroidManifest.xml:25:13-46
248            android:exported="false"
248-->[com.google.android.gms:play-services-auth:21.4.0] AndroidManifest.xml:26:13-37
249            android:theme="@android:style/Theme.Translucent.NoTitleBar" />
249-->[com.google.android.gms:play-services-auth:21.4.0] AndroidManifest.xml:27:13-72
250        <!--
251            Service handling Google Sign-In user revocation. For apps that do not integrate with
252            Google Sign-In, this service will never be started.
253        -->
254        <service
254-->[com.google.android.gms:play-services-auth:21.4.0] AndroidManifest.xml:33:9-37:51
255            android:name="com.google.android.gms.auth.api.signin.RevocationBoundService"
255-->[com.google.android.gms:play-services-auth:21.4.0] AndroidManifest.xml:34:13-89
256            android:exported="true"
256-->[com.google.android.gms:play-services-auth:21.4.0] AndroidManifest.xml:35:13-36
257            android:permission="com.google.android.gms.auth.api.signin.permission.REVOCATION_NOTIFICATION"
257-->[com.google.android.gms:play-services-auth:21.4.0] AndroidManifest.xml:36:13-107
258            android:visibleToInstantApps="true" />
258-->[com.google.android.gms:play-services-auth:21.4.0] AndroidManifest.xml:37:13-48
259        <service
259-->[host.exp.exponent:expo.modules.notifications:0.32.15] AndroidManifest.xml:11:9-17:19
260            android:name="expo.modules.notifications.service.ExpoFirebaseMessagingService"
260-->[host.exp.exponent:expo.modules.notifications:0.32.15] AndroidManifest.xml:12:13-91
261            android:exported="false" >
261-->[host.exp.exponent:expo.modules.notifications:0.32.15] AndroidManifest.xml:13:13-37
262            <intent-filter android:priority="-1" >
262-->[host.exp.exponent:expo.modules.notifications:0.32.15] AndroidManifest.xml:14:13-16:29
262-->[host.exp.exponent:expo.modules.notifications:0.32.15] AndroidManifest.xml:14:28-49
263                <action android:name="com.google.firebase.MESSAGING_EVENT" />
263-->[host.exp.exponent:expo.modules.notifications:0.32.15] AndroidManifest.xml:15:17-78
263-->[host.exp.exponent:expo.modules.notifications:0.32.15] AndroidManifest.xml:15:25-75
264            </intent-filter>
265        </service>
266
267        <receiver
267-->[host.exp.exponent:expo.modules.notifications:0.32.15] AndroidManifest.xml:19:9-31:20
268            android:name="expo.modules.notifications.service.NotificationsService"
268-->[host.exp.exponent:expo.modules.notifications:0.32.15] AndroidManifest.xml:20:13-83
269            android:enabled="true"
269-->[host.exp.exponent:expo.modules.notifications:0.32.15] AndroidManifest.xml:21:13-35
270            android:exported="false" >
270-->[host.exp.exponent:expo.modules.notifications:0.32.15] AndroidManifest.xml:22:13-37
271            <intent-filter android:priority="-1" >
271-->[host.exp.exponent:expo.modules.notifications:0.32.15] AndroidManifest.xml:23:13-30:29
271-->[host.exp.exponent:expo.modules.notifications:0.32.15] AndroidManifest.xml:23:28-49